e:\users\tinku\documents\visual studio 2013\projects\cookie dungeon\cookie dungeon\debug\vc120.pdb
e:\users\tinku\documents\visual studio 2013\projects\cookie dungeon\cookie dungeon\debug\vc120.idb
e:\users\tinku\documents\visual studio 2013\projects\cookie dungeon\cookie dungeon\debug\character.obj
e:\users\tinku\documents\visual studio 2013\projects\cookie dungeon\cookie dungeon\debug\drawengine.obj
e:\users\tinku\documents\visual studio 2013\projects\cookie dungeon\cookie dungeon\debug\enemy.obj
e:\users\tinku\documents\visual studio 2013\projects\cookie dungeon\cookie dungeon\debug\fireball.obj
e:\users\tinku\documents\visual studio 2013\projects\cookie dungeon\cookie dungeon\debug\game.obj
e:\users\tinku\documents\visual studio 2013\projects\cookie dungeon\cookie dungeon\debug\level.obj
e:\users\tinku\documents\visual studio 2013\projects\cookie dungeon\cookie dungeon\debug\main.obj
e:\users\tinku\documents\visual studio 2013\projects\cookie dungeon\cookie dungeon\debug\sprite.obj
e:\users\tinku\documents\visual studio 2013\projects\cookie dungeon\cookie dungeon\debug\verticaluntouchable.obj
e:\users\tinku\documents\visual studio 2013\projects\cookie dungeon\debug\cookie dungeon.ilk
e:\users\tinku\documents\visual studio 2013\projects\cookie dungeon\debug\cookie dungeon.exe
e:\users\tinku\documents\visual studio 2013\projects\cookie dungeon\debug\cookie dungeon.pdb
e:\users\tinku\documents\visual studio 2013\projects\cookie dungeon\cookie dungeon\debug\cookie dungeon.tlog\cl.command.1.tlog
e:\users\tinku\documents\visual studio 2013\projects\cookie dungeon\cookie dungeon\debug\cookie dungeon.tlog\cl.read.1.tlog
e:\users\tinku\documents\visual studio 2013\projects\cookie dungeon\cookie dungeon\debug\cookie dungeon.tlog\cl.write.1.tlog
e:\users\tinku\documents\visual studio 2013\projects\cookie dungeon\cookie dungeon\debug\cookie dungeon.tlog\link.command.1.tlog
e:\users\tinku\documents\visual studio 2013\projects\cookie dungeon\cookie dungeon\debug\cookie dungeon.tlog\link.read.1.tlog
e:\users\tinku\documents\visual studio 2013\projects\cookie dungeon\cookie dungeon\debug\cookie dungeon.tlog\link.write.1.tlog
